2022-02-12 15:03:07,712 - Chart - INFO - [Process 6 : get_monthly_post_chart has runned successfully]
2022-02-12 15:03:07,812 - Chart - INFO - [Process 1 : get_yoy_dropdown_chart has runned successfully]
2022-02-12 15:03:07,860 - Chart - INFO - [Process 2 : get_yoy_multipleselect_chart has runned successfully]
2022-02-12 15:03:07,901 - Chart - INFO - [Process 3 : get_cagr_dropdown_chart has runned successfully]
2022-02-12 15:03:08,000 - Chart - INFO - [Process 4 : get_cagr_years_chart has runned successfully]
2022-02-12 15:03:08,037 - Chart - INFO - [Process 5 : get_cagr_grouped_chart has runned successfully]
2022-02-12 15:13:40,511 - Chart - INFO - [Process 6 : get_monthly_post_chart has runned successfully]
2022-02-12 15:13:40,608 - Chart - INFO - [Process 1 : get_yoy_dropdown_chart has runned successfully]
2022-02-12 15:13:40,654 - Chart - INFO - [Process 2 : get_yoy_multipleselect_chart has runned successfully]
2022-02-12 15:13:40,696 - Chart - INFO - [Process 3 : get_cagr_dropdown_chart has runned successfully]
2022-02-12 15:13:40,834 - Chart - INFO - [Process 4 : get_cagr_years_chart has runned successfully]
2022-02-12 15:13:40,869 - Chart - INFO - [Process 5 : get_cagr_grouped_chart has runned successfully]
2022-02-12 15:14:09,498 - Chart - INFO - [Process 6 : get_monthly_post_chart has runned successfully]
2022-02-12 15:14:09,562 - Chart - INFO - [Process 1 : get_yoy_dropdown_chart has runned successfully]
2022-02-12 15:14:09,607 - Chart - INFO - [Process 2 : get_yoy_multipleselect_chart has runned successfully]
2022-02-12 15:14:09,644 - Chart - INFO - [Process 3 : get_cagr_dropdown_chart has runned successfully]
2022-02-12 15:14:09,737 - Chart - INFO - [Process 4 : get_cagr_years_chart has runned successfully]
2022-02-12 15:14:09,776 - Chart - INFO - [Process 5 : get_cagr_grouped_chart has runned successfully]
2022-02-12 15:15:15,446 - Chart - INFO - [Process 6 : get_monthly_post_chart has runned successfully]
2022-02-12 15:15:15,544 - Chart - INFO - [Process 1 : get_yoy_dropdown_chart has runned successfully]
2022-02-12 15:15:15,590 - Chart - INFO - [Process 2 : get_yoy_multipleselect_chart has runned successfully]
2022-02-12 15:15:15,628 - Chart - INFO - [Process 3 : get_cagr_dropdown_chart has runned successfully]
2022-02-12 15:15:15,735 - Chart - INFO - [Process 4 : get_cagr_years_chart has runned successfully]
2022-02-12 15:15:15,772 - Chart - INFO - [Process 5 : get_cagr_grouped_chart has runned successfully]
2022-02-12 15:15:36,175 - Chart - INFO - [Process 6 : get_monthly_post_chart has runned successfully]
2022-02-12 15:15:36,264 - Chart - INFO - [Process 1 : get_yoy_dropdown_chart has runned successfully]
2022-02-12 15:15:36,330 - Chart - INFO - [Process 2 : get_yoy_multipleselect_chart has runned successfully]
2022-02-12 15:15:36,380 - Chart - INFO - [Process 3 : get_cagr_dropdown_chart has runned successfully]
2022-02-12 15:15:36,539 - Chart - INFO - [Process 4 : get_cagr_years_chart has runned successfully]
2022-02-12 15:15:36,586 - Chart - INFO - [Process 5 : get_cagr_grouped_chart has runned successfully]
2022-02-12 15:15:42,376 - Chart - INFO - [Process 6 : get_monthly_post_chart has runned successfully]
2022-02-12 15:32:01,207 - Chart - INFO - [Process 6 : get_monthly_post_chart has runned successfully]
2022-02-12 15:32:01,313 - Chart - INFO - [Process 1 : get_yoy_dropdown_chart has runned successfully]
2022-02-12 15:32:01,359 - Chart - INFO - [Process 2 : get_yoy_multipleselect_chart has runned successfully]
2022-02-12 15:32:01,396 - Chart - INFO - [Process 3 : get_cagr_dropdown_chart has runned successfully]
2022-02-12 15:32:01,493 - Chart - INFO - [Process 4 : get_cagr_years_chart has runned successfully]
2022-02-12 15:32:01,529 - Chart - INFO - [Process 5 : get_cagr_grouped_chart has runned successfully]
2022-02-12 15:32:19,852 - Chart - INFO - [Process 6 : get_monthly_post_chart has runned successfully]
2022-02-12 15:32:19,910 - Chart - INFO - [Process 1 : get_yoy_dropdown_chart has runned successfully]
2022-02-12 15:32:19,958 - Chart - INFO - [Process 2 : get_yoy_multipleselect_chart has runned successfully]
2022-02-12 15:32:19,993 - Chart - INFO - [Process 3 : get_cagr_dropdown_chart has runned successfully]
2022-02-12 15:32:20,090 - Chart - INFO - [Process 4 : get_cagr_years_chart has runned successfully]
2022-02-12 15:32:20,146 - Chart - INFO - [Process 5 : get_cagr_grouped_chart has runned successfully]
2022-02-12 15:32:25,441 - Chart - INFO - [Process 6 : get_monthly_post_chart has runned successfully]
2022-02-12 15:33:24,826 - Chart - INFO - [Process 6 : get_monthly_post_chart has runned successfully]
2022-02-12 15:33:25,025 - Chart - INFO - [Process 1 : get_yoy_dropdown_chart has runned successfully]
2022-02-12 15:33:25,166 - Chart - INFO - [Process 2 : get_yoy_multipleselect_chart has runned successfully]
2022-02-12 15:33:25,247 - Chart - INFO - [Process 3 : get_cagr_dropdown_chart has runned successfully]
2022-02-12 15:33:25,360 - Chart - INFO - [Process 4 : get_cagr_years_chart has runned successfully]
2022-02-12 15:33:25,461 - Chart - INFO - [Process 5 : get_cagr_grouped_chart has runned successfully]
2022-02-12 15:35:07,130 - Chart - INFO - [Process 6 : get_monthly_post_chart has runned successfully]
2022-02-12 15:35:07,362 - Chart - INFO - [Process 1 : get_yoy_dropdown_chart has runned successfully]
2022-02-12 15:35:07,599 - Chart - INFO - [Process 2 : get_yoy_multipleselect_chart has runned successfully]
2022-02-12 15:35:07,684 - Chart - INFO - [Process 3 : get_cagr_dropdown_chart has runned successfully]
2022-02-12 15:35:07,796 - Chart - INFO - [Process 4 : get_cagr_years_chart has runned successfully]
2022-02-12 15:35:07,897 - Chart - INFO - [Process 5 : get_cagr_grouped_chart has runned successfully]
2022-02-12 15:35:51,930 - Chart - INFO - [Process 6 : get_monthly_post_chart has runned successfully]
2022-02-12 15:36:18,221 - Chart - INFO - [Process 6 : get_monthly_post_chart has runned successfully]
2022-02-12 15:36:18,225 - Chart - INFO - [Process 1 : get_yoy_dropdown_chart has runned successfully]
2022-02-12 15:36:18,234 - Chart - INFO - [Process 2 : get_yoy_multipleselect_chart has runned successfully]
2022-02-12 15:36:18,238 - Chart - INFO - [Process 3 : get_cagr_dropdown_chart has runned successfully]
2022-02-12 15:36:18,240 - Chart - INFO - [Process 4 : get_cagr_years_chart has runned successfully]
2022-02-12 15:36:18,243 - Chart - INFO - [Process 5 : get_cagr_grouped_chart has runned successfully]
2022-02-12 15:37:51,006 - Chart - INFO - [Process 6 : get_monthly_post_chart has runned successfully]
2022-02-12 15:38:01,891 - Chart - INFO - [Process 6 : get_monthly_post_chart has runned successfully]
2022-02-12 15:38:02,482 - Chart - INFO - [Process 1 : get_yoy_dropdown_chart has runned successfully]
2022-02-12 15:38:02,486 - Chart - INFO - [Process 2 : get_yoy_multipleselect_chart has runned successfully]
2022-02-12 15:38:02,492 - Chart - INFO - [Process 3 : get_cagr_dropdown_chart has runned successfully]
2022-02-12 15:38:02,493 - Chart - INFO - [Process 4 : get_cagr_years_chart has runned successfully]
2022-02-12 15:38:02,496 - Chart - INFO - [Process 5 : get_cagr_grouped_chart has runned successfully]
2022-02-12 15:46:41,626 - Chart - INFO - [Process 6 : get_monthly_post_chart has runned successfully]
2022-02-12 15:46:41,837 - Chart - INFO - [Process 1 : get_yoy_dropdown_chart has runned successfully]
2022-02-12 15:46:41,961 - Chart - INFO - [Process 2 : get_yoy_multipleselect_chart has runned successfully]
2022-02-12 15:46:42,040 - Chart - INFO - [Process 3 : get_cagr_dropdown_chart has runned successfully]
2022-02-12 15:47:23,580 - Chart - INFO - [Process 6 : get_monthly_post_chart has runned successfully]
2022-02-12 15:47:23,804 - Chart - INFO - [Process 1 : get_yoy_dropdown_chart has runned successfully]
2022-02-12 15:47:23,918 - Chart - INFO - [Process 2 : get_yoy_multipleselect_chart has runned successfully]
2022-02-12 15:47:23,996 - Chart - INFO - [Process 3 : get_cagr_dropdown_chart has runned successfully]
2022-02-12 15:47:24,122 - Chart - INFO - [Process 4 : get_cagr_years_chart has runned successfully]
2022-02-12 15:47:24,222 - Chart - INFO - [Process 5 : get_cagr_grouped_chart has runned successfully]
2022-02-12 16:01:51,530 - Chart - INFO - [Process 6 : get_monthly_post_chart has runned successfully]
2022-02-12 16:01:51,750 - Chart - INFO - [Process 1 : get_yoy_dropdown_chart has runned successfully]
2022-02-12 16:01:51,884 - Chart - INFO - [Process 2 : get_yoy_multipleselect_chart has runned successfully]
2022-02-12 16:01:51,961 - Chart - INFO - [Process 3 : get_cagr_dropdown_chart has runned successfully]
2022-02-12 16:01:52,084 - Chart - INFO - [Process 4 : get_cagr_years_chart has runned successfully]
2022-02-12 16:01:52,177 - Chart - INFO - [Process 5 : get_cagr_grouped_chart has runned successfully]
2022-02-12 16:02:54,399 - Chart - INFO - [Process 6 : get_monthly_post_chart has runned successfully]
2022-02-12 16:02:54,641 - Chart - INFO - [Process 1 : get_yoy_dropdown_chart has runned successfully]
2022-02-12 16:02:54,784 - Chart - INFO - [Process 2 : get_yoy_multipleselect_chart has runned successfully]
2022-02-12 16:02:54,876 - Chart - INFO - [Process 3 : get_cagr_dropdown_chart has runned successfully]
2022-02-12 16:02:54,983 - Chart - INFO - [Process 4 : get_cagr_years_chart has runned successfully]
2022-02-12 16:02:55,083 - Chart - INFO - [Process 5 : get_cagr_grouped_chart has runned successfully]
2022-02-12 16:03:17,807 - Chart - INFO - [Process 6 : get_monthly_post_chart has runned successfully]
2022-02-12 16:03:17,867 - Chart - INFO - [Process 1 : get_yoy_dropdown_chart has runned successfully]
2022-02-12 16:03:17,917 - Chart - INFO - [Process 2 : get_yoy_multipleselect_chart has runned successfully]
2022-02-12 16:03:17,950 - Chart - INFO - [Process 3 : get_cagr_dropdown_chart has runned successfully]
2022-02-12 16:03:18,044 - Chart - INFO - [Process 4 : get_cagr_years_chart has runned successfully]
2022-02-12 16:03:18,083 - Chart - INFO - [Process 5 : get_cagr_grouped_chart has runned successfully]
2022-02-12 20:02:04,459 - Chart - INFO - [Process 6 : get_monthly_post_chart has runned successfully]
2022-02-12 20:02:04,683 - Chart - INFO - [Process 1 : get_yoy_dropdown_chart has runned successfully]
2022-02-12 20:02:04,743 - Chart - INFO - [Process 2 : get_yoy_multipleselect_chart has runned successfully]
2022-02-12 20:02:04,818 - Chart - INFO - [Process 3 : get_cagr_dropdown_chart has runned successfully]
2022-02-12 20:02:05,000 - Chart - INFO - [Process 4 : get_cagr_years_chart has runned successfully]
2022-02-12 20:02:05,044 - Chart - INFO - [Process 5 : get_cagr_grouped_chart has runned successfully]
2022-02-12 20:12:31,163 - Chart - INFO - [Process 6 : get_monthly_post_chart has runned successfully]
2022-02-12 20:12:31,649 - Chart - INFO - [Process 1 : get_yoy_dropdown_chart has runned successfully]
2022-02-12 20:12:31,843 - Chart - INFO - [Process 2 : get_yoy_multipleselect_chart has runned successfully]
2022-02-12 20:12:31,963 - Chart - INFO - [Process 3 : get_cagr_dropdown_chart has runned successfully]
2022-02-12 20:12:32,110 - Chart - INFO - [Process 4 : get_cagr_years_chart has runned successfully]
2022-02-12 20:12:32,285 - Chart - INFO - [Process 5 : get_cagr_grouped_chart has runned successfully]
2022-02-12 20:19:30,442 - Chart - INFO - [Process 6 : get_monthly_post_chart has runned successfully]
2022-02-12 20:19:30,926 - Chart - INFO - [Process 1 : get_yoy_dropdown_chart has runned successfully]
2022-02-12 20:19:31,140 - Chart - INFO - [Process 2 : get_yoy_multipleselect_chart has runned successfully]
2022-02-12 20:19:31,253 - Chart - INFO - [Process 3 : get_cagr_dropdown_chart has runned successfully]
2022-02-12 20:19:31,435 - Chart - INFO - [Process 4 : get_cagr_years_chart has runned successfully]
2022-02-12 20:19:31,576 - Chart - INFO - [Process 5 : get_cagr_grouped_chart has runned successfully]
2022-02-12 20:22:11,169 - Chart - INFO - [Process 6 : get_monthly_post_chart has runned successfully]
2022-02-12 20:22:11,471 - Chart - INFO - [Process 1 : get_yoy_dropdown_chart has runned successfully]
2022-02-12 20:22:11,674 - Chart - INFO - [Process 2 : get_yoy_multipleselect_chart has runned successfully]
2022-02-12 20:22:11,850 - Chart - INFO - [Process 3 : get_cagr_dropdown_chart has runned successfully]
2022-02-12 20:22:12,016 - Chart - INFO - [Process 4 : get_cagr_years_chart has runned successfully]
2022-02-12 20:22:12,169 - Chart - INFO - [Process 5 : get_cagr_grouped_chart has runned successfully]
2022-02-12 20:25:44,878 - Chart - INFO - [Process 6 : get_monthly_post_chart has runned successfully]
2022-02-12 20:25:45,368 - Chart - INFO - [Process 1 : get_yoy_dropdown_chart has runned successfully]
2022-02-12 20:25:45,637 - Chart - INFO - [Process 2 : get_yoy_multipleselect_chart has runned successfully]
2022-02-12 20:25:46,587 - Chart - INFO - [Process 3 : get_cagr_dropdown_chart has runned successfully]
2022-02-12 20:25:47,457 - Chart - INFO - [Process 4 : get_cagr_years_chart has runned successfully]
2022-02-12 20:25:48,103 - Chart - INFO - [Process 5 : get_cagr_grouped_chart has runned successfully]
2022-02-12 20:27:21,897 - Chart - INFO - [Process 6 : get_monthly_post_chart has runned successfully]
2022-02-12 20:28:38,682 - Chart - INFO - [Process 6 : get_monthly_post_chart has runned successfully]
2022-02-12 20:28:38,923 - Chart - INFO - [Process 1 : get_yoy_dropdown_chart has runned successfully]
2022-02-12 20:28:39,170 - Chart - INFO - [Process 2 : get_yoy_multipleselect_chart has runned successfully]
2022-02-12 20:28:39,263 - Chart - INFO - [Process 3 : get_cagr_dropdown_chart has runned successfully]
2022-02-12 20:28:39,459 - Chart - INFO - [Process 4 : get_cagr_years_chart has runned successfully]
2022-02-12 20:28:39,669 - Chart - INFO - [Process 5 : get_cagr_grouped_chart has runned successfully]
