2022-02-12 15:36:18,220 - Visualization - INFO - [Error E6 : There is an error in Plotly_monthly_chart !]
2022-02-12 15:36:18,220 - Visualization - INFO - [Process 6 : Plotly_monthly_chart has runned successfully !]
2022-02-12 15:36:18,223 - Visualization - INFO - [Error V1 : There is an error in YoY_dropdown_chart !]
2022-02-12 15:36:18,224 - Visualization - INFO - [Process 1 : YoY_dropdown_chart has runned sucessfully !]
2022-02-12 15:36:18,230 - Visualization - INFO - [Process 2 : YoY_mutipleselect_chart has runned successfully !]
2022-02-12 15:36:18,234 - Visualization - INFO - [Process 2 : YoY_mutipleselect_chart has runned successfully !]
2022-02-12 15:36:18,237 - Visualization - INFO - [Error V3 : There is an error in cagr_dropdown_chart !]
2022-02-12 15:36:18,237 - Visualization - INFO - [Process 3 : cagr_dropdown_chart has runned successfully !]
2022-02-12 15:36:18,238 - Visualization - INFO - [Error V4 : There is an error in cagr_all_years_chart !]
2022-02-12 15:36:18,239 - Visualization - INFO - [Process 4 : cagr_all_years_chart has runned successfully !]
2022-02-12 15:36:18,241 - Visualization - INFO - [Error E5 : There is an error in cagr_grouped_countries !]
2022-02-12 15:36:18,242 - Visualization - INFO - [Process 5 : cagr_grouped_countries has runned successfully !]
2022-02-12 15:37:51,006 - Visualization - INFO - [Error E6 : There is an error in Plotly_monthly_chart !]
2022-02-12 15:37:51,006 - Visualization - INFO - [Process 6 : Plotly_monthly_chart has runned successfully !]
2022-02-12 15:38:01,889 - Visualization - INFO - [Error E6 : There is an error in Plotly_monthly_chart !]
2022-02-12 15:38:01,890 - Visualization - INFO - [Process 6 : Plotly_monthly_chart has runned successfully !]
2022-02-12 15:38:02,481 - Visualization - INFO - [Error V1 : There is an error in YoY_dropdown_chart !]
2022-02-12 15:38:02,482 - Visualization - INFO - [Process 1 : YoY_dropdown_chart has runned sucessfully !]
2022-02-12 15:38:02,485 - Visualization - INFO - [Process 2 : YoY_mutipleselect_chart has runned successfully !]
2022-02-12 15:38:02,485 - Visualization - INFO - [Process 2 : YoY_mutipleselect_chart has runned successfully !]
2022-02-12 15:38:02,491 - Visualization - INFO - [Error V3 : There is an error in cagr_dropdown_chart !]
2022-02-12 15:38:02,492 - Visualization - INFO - [Process 3 : cagr_dropdown_chart has runned successfully !]
2022-02-12 15:38:02,493 - Visualization - INFO - [Error V4 : There is an error in cagr_all_years_chart !]
2022-02-12 15:38:02,493 - Visualization - INFO - [Process 4 : cagr_all_years_chart has runned successfully !]
2022-02-12 15:38:02,496 - Visualization - INFO - [Error E5 : There is an error in cagr_grouped_countries !]
2022-02-12 15:38:02,496 - Visualization - INFO - [Process 5 : cagr_grouped_countries has runned successfully !]
2022-02-16 22:49:26,057 - Visualization - INFO - [Error E6 : There is an error in Plotly_monthly_chart !]
2022-02-16 22:49:26,065 - Visualization - INFO - [Process 6 : Plotly_monthly_chart has runned successfully !]
2022-02-16 22:49:56,527 - Visualization - INFO - [Error V1 : There is an error in YoY_dropdown_chart !]
2022-02-16 22:49:56,529 - Visualization - INFO - [Process 1 : YoY_dropdown_chart has runned sucessfully !]
2022-02-16 22:49:56,538 - Visualization - INFO - [Process 2 : YoY_mutipleselect_chart has runned successfully !]
2022-02-16 22:49:56,539 - Visualization - INFO - [Process 2 : YoY_mutipleselect_chart has runned successfully !]
2022-02-16 22:49:56,548 - Visualization - INFO - [Error V3 : There is an error in cagr_dropdown_chart !]
2022-02-16 22:49:56,548 - Visualization - INFO - [Process 3 : cagr_dropdown_chart has runned successfully !]
2022-02-16 22:49:56,550 - Visualization - INFO - [Error V4 : There is an error in cagr_all_years_chart !]
2022-02-16 22:49:56,550 - Visualization - INFO - [Process 4 : cagr_all_years_chart has runned successfully !]
2022-02-16 22:49:56,564 - Visualization - INFO - [Error E5 : There is an error in cagr_grouped_countries !]
2022-02-16 22:49:56,564 - Visualization - INFO - [Process 5 : cagr_grouped_countries has runned successfully !]
